<?xml version="1.0" encoding="UTF-8"?>
<testng-results ignored="0" total="1" passed="1" failed="0" skipped="0">
  <reporter-output>
  </reporter-output>
  <suite started-at="2023-07-20T15:53:23 IST" name="Default suite" finished-at="2023-07-20T15:54:03 IST" duration-ms="40226">
    <groups>
    </groups>
    <test started-at="2023-07-20T15:53:23 IST" name="Default test" finished-at="2023-07-20T15:54:03 IST" duration-ms="40226">
      <class name="TestLayer.TicketBookingTest">
        <test-method is-config="true" signature="setUp()[pri:0, instance:TestLayer.TicketBookingTest@6bd61f98]" started-at="2023-07-20T15:53:23 IST" name="setUp" finished-at="2023-07-20T15:53:38 IST" duration-ms="15441" status="PASS">
          <reporter-output>
          </reporter-output>
        </test-method> <!-- setUp -->
        <test-method signature="validatebookingFun()[pri:0, instance:TestLayer.TicketBookingTest@6bd61f98]" started-at="2023-07-20T15:53:38 IST" name="validatebookingFun" finished-at="2023-07-20T15:54:03 IST" duration-ms="24237" status="PASS">
          <reporter-output>
          </reporter-output>
        </test-method> <!-- validatebookingFun -->
      </class> <!-- TestLayer.TicketBookingTest -->
    </test> <!-- Default test -->
  </suite> <!-- Default suite -->
</testng-results>
